mode: set
github.com/umatare5/telee/cmd/main.go:8.13,10.2 1 0
github.com/umatare5/telee/cli/flags.go:10.33,26.2 15 0
github.com/umatare5/telee/cli/flags.go:29.40,39.2 1 0
github.com/umatare5/telee/cli/flags.go:42.36,51.2 1 0
github.com/umatare5/telee/cli/flags.go:54.39,63.2 1 0
github.com/umatare5/telee/cli/flags.go:66.39,76.2 1 0
github.com/umatare5/telee/cli/flags.go:79.44,88.2 1 0
github.com/umatare5/telee/cli/flags.go:91.42,100.2 1 0
github.com/umatare5/telee/cli/flags.go:103.45,112.2 1 0
github.com/umatare5/telee/cli/flags.go:115.42,124.2 1 0
github.com/umatare5/telee/cli/flags.go:127.47,136.2 1 0
github.com/umatare5/telee/cli/flags.go:139.40,149.2 1 0
github.com/umatare5/telee/cli/flags.go:152.40,162.2 1 0
github.com/umatare5/telee/cli/flags.go:165.44,175.2 1 0
github.com/umatare5/telee/cli/flags.go:178.43,188.2 1 0
github.com/umatare5/telee/cli/root.go:24.14,31.61 1 0
github.com/umatare5/telee/cli/root.go:31.61,38.4 6 0
github.com/umatare5/telee/cli/root.go:41.2,41.63 1 0
github.com/umatare5/telee/cli/root.go:41.63,44.3 2 0
github.com/umatare5/telee/cli/version.go:6.26,8.2 1 0
github.com/umatare5/telee/internal/application/usecase.go:25.66,30.2 1 0
github.com/umatare5/telee/internal/application/usecase.go:33.64,38.2 1 0
github.com/umatare5/telee/internal/application/usecase.go:41.72,46.2 1 0
github.com/umatare5/telee/internal/application/usecase.go:49.74,54.2 1 0
github.com/umatare5/telee/internal/application/usecase.go:57.58,62.2 1 0
github.com/umatare5/telee/internal/application/usecase.go:65.68,70.2 1 0
github.com/umatare5/telee/internal/application/usecase.go:73.62,78.2 1 0
github.com/umatare5/telee/internal/application/usecase.go:81.60,86.2 1 0
github.com/umatare5/telee/internal/application/usecase.go:89.68,94.2 1 0
github.com/umatare5/telee/internal/application/usecase.go:97.68,102.2 1 0
github.com/umatare5/telee/internal/application/usecases/aireos/usecase.go:16.43,18.16 2 0
github.com/umatare5/telee/internal/application/usecases/aireos/usecase.go:18.16,20.3 1 0
github.com/umatare5/telee/internal/application/usecases/aireos/usecase.go:21.2,21.18 1 0
github.com/umatare5/telee/internal/application/usecases/alliedware/usecase.go:16.43,18.16 2 0
github.com/umatare5/telee/internal/application/usecases/alliedware/usecase.go:18.16,20.3 1 0
github.com/umatare5/telee/internal/application/usecases/alliedware/usecase.go:21.2,21.18 1 0
github.com/umatare5/telee/internal/application/usecases/asasoftware/usecase.go:16.43,18.16 2 0
github.com/umatare5/telee/internal/application/usecases/asasoftware/usecase.go:18.16,20.3 1 0
github.com/umatare5/telee/internal/application/usecases/asasoftware/usecase.go:21.2,21.18 1 0
github.com/umatare5/telee/internal/application/usecases/ios/usecase.go:16.43,18.16 2 0
github.com/umatare5/telee/internal/application/usecases/ios/usecase.go:18.16,20.3 1 0
github.com/umatare5/telee/internal/application/usecases/ios/usecase.go:21.2,21.18 1 0
github.com/umatare5/telee/internal/application/usecases/ironware/usecase.go:16.43,18.16 2 0
github.com/umatare5/telee/internal/application/usecases/ironware/usecase.go:18.16,20.3 1 0
github.com/umatare5/telee/internal/application/usecases/ironware/usecase.go:21.2,21.18 1 0
github.com/umatare5/telee/internal/application/usecases/junos/usecase.go:16.43,18.16 2 0
github.com/umatare5/telee/internal/application/usecases/junos/usecase.go:18.16,20.3 1 0
github.com/umatare5/telee/internal/application/usecases/junos/usecase.go:21.2,21.18 1 0
github.com/umatare5/telee/internal/application/usecases/nxos/usecase.go:16.43,18.16 2 0
github.com/umatare5/telee/internal/application/usecases/nxos/usecase.go:18.16,20.3 1 0
github.com/umatare5/telee/internal/application/usecases/nxos/usecase.go:21.2,21.18 1 0
github.com/umatare5/telee/internal/application/usecases/screenos/usecase.go:16.43,18.16 2 0
github.com/umatare5/telee/internal/application/usecases/screenos/usecase.go:18.16,20.3 1 0
github.com/umatare5/telee/internal/application/usecases/screenos/usecase.go:21.2,21.18 1 0
github.com/umatare5/telee/internal/framework/exec.go:21.87,27.2 1 0
github.com/umatare5/telee/internal/framework/exec.go:30.22,34.56 3 0
github.com/umatare5/telee/internal/framework/exec.go:34.56,36.3 1 0
github.com/umatare5/telee/internal/framework/exec.go:37.2,37.60 1 0
github.com/umatare5/telee/internal/framework/exec.go:37.60,39.3 1 0
github.com/umatare5/telee/internal/framework/exec.go:40.2,40.61 1 0
github.com/umatare5/telee/internal/framework/exec.go:40.61,42.3 1 0
github.com/umatare5/telee/internal/framework/exec.go:43.2,43.53 1 0
github.com/umatare5/telee/internal/framework/exec.go:43.53,45.3 1 0
github.com/umatare5/telee/internal/framework/exec.go:46.2,46.58 1 0
github.com/umatare5/telee/internal/framework/exec.go:46.58,48.3 1 0
github.com/umatare5/telee/internal/framework/exec.go:49.2,49.55 1 0
github.com/umatare5/telee/internal/framework/exec.go:49.55,51.3 1 0
github.com/umatare5/telee/internal/framework/exec.go:52.2,52.58 1 0
github.com/umatare5/telee/internal/framework/exec.go:52.58,54.3 1 0
github.com/umatare5/telee/internal/framework/exec.go:55.2,55.54 1 0
github.com/umatare5/telee/internal/framework/exec.go:55.54,57.3 1 0
github.com/umatare5/telee/internal/framework/exec.go:58.2,58.58 1 0
github.com/umatare5/telee/internal/framework/exec.go:58.58,60.3 1 0
github.com/umatare5/telee/internal/framework/exec.go:62.2,62.16 1 0
github.com/umatare5/telee/internal/framework/exec.go:62.16,66.3 3 0
github.com/umatare5/telee/internal/framework/exec.go:67.2,67.19 1 0
github.com/umatare5/telee/internal/application/usecases/yamahaos/usecase.go:16.43,18.16 2 0
github.com/umatare5/telee/internal/application/usecases/yamahaos/usecase.go:18.16,20.3 1 0
github.com/umatare5/telee/internal/application/usecases/yamahaos/usecase.go:21.2,21.18 1 0
github.com/umatare5/telee/internal/config/config.go:38.35,56.16 3 0
github.com/umatare5/telee/internal/config/config.go:56.16,59.3 2 0
github.com/umatare5/telee/internal/config/config.go:61.2,62.16 2 0
github.com/umatare5/telee/internal/config/config.go:62.16,65.3 2 0
github.com/umatare5/telee/internal/config/config.go:67.2,67.12 1 0
github.com/umatare5/telee/internal/config/config.go:70.40,71.19 1 0
github.com/umatare5/telee/internal/config/config.go:71.19,73.3 1 0
github.com/umatare5/telee/internal/config/config.go:74.2,74.44 1 0
github.com/umatare5/telee/internal/config/config.go:74.44,76.3 1 0
github.com/umatare5/telee/internal/config/config.go:77.2,77.43 1 0
github.com/umatare5/telee/internal/config/config.go:77.43,79.3 1 0
github.com/umatare5/telee/internal/config/config.go:80.2,80.67 1 0
github.com/umatare5/telee/internal/config/config.go:80.67,82.3 1 0
github.com/umatare5/telee/internal/config/config.go:83.2,83.61 1 0
github.com/umatare5/telee/internal/config/config.go:83.61,85.3 1 0
github.com/umatare5/telee/internal/config/config.go:86.2,86.64 1 0
github.com/umatare5/telee/internal/config/config.go:86.64,88.3 1 0
github.com/umatare5/telee/internal/config/config.go:89.2,89.71 1 0
github.com/umatare5/telee/internal/config/config.go:89.71,91.3 1 0
github.com/umatare5/telee/internal/config/config.go:92.2,92.66 1 0
github.com/umatare5/telee/internal/config/config.go:92.66,94.3 1 0
github.com/umatare5/telee/internal/config/config.go:95.2,95.40 1 0
github.com/umatare5/telee/internal/config/config.go:95.40,97.3 1 0
github.com/umatare5/telee/internal/config/config.go:98.2,98.39 1 0
github.com/umatare5/telee/internal/config/config.go:98.39,100.3 1 0
github.com/umatare5/telee/internal/config/config.go:101.2,101.40 1 0
github.com/umatare5/telee/internal/config/config.go:101.40,103.3 1 0
github.com/umatare5/telee/internal/config/config.go:104.2,104.40 1 0
github.com/umatare5/telee/internal/config/config.go:104.40,106.3 1 0
github.com/umatare5/telee/internal/config/config.go:107.2,107.58 1 0
github.com/umatare5/telee/internal/config/config.go:107.58,109.3 1 0
github.com/umatare5/telee/internal/config/config.go:110.2,110.61 1 0
github.com/umatare5/telee/internal/config/config.go:110.61,112.3 1 0
github.com/umatare5/telee/internal/config/config.go:114.2,114.12 1 0
github.com/umatare5/telee/internal/config/config.go:117.43,118.20 1 0
github.com/umatare5/telee/internal/config/config.go:118.20,120.3 1 0
github.com/umatare5/telee/internal/config/config.go:120.8,122.3 1 0
github.com/umatare5/telee/internal/config/config.go:123.2,123.13 1 0
github.com/umatare5/telee/internal/config/config.go:126.48,127.37 1 0
github.com/umatare5/telee/internal/config/config.go:127.37,128.20 1 0
github.com/umatare5/telee/internal/config/config.go:128.20,130.4 1 0
github.com/umatare5/telee/internal/config/config.go:132.2,132.14 1 0
github.com/umatare5/telee/internal/config/config.go:135.52,136.48 1 0
github.com/umatare5/telee/internal/config/config.go:136.48,138.3 1 0
github.com/umatare5/telee/internal/config/config.go:139.2,139.40 1 0
github.com/umatare5/telee/internal/config/config.go:139.40,141.3 1 0
github.com/umatare5/telee/internal/config/config.go:142.2,142.41 1 0
github.com/umatare5/telee/internal/config/config.go:142.41,144.3 1 0
github.com/umatare5/telee/internal/config/config.go:145.2,145.14 1 0
github.com/umatare5/telee/internal/config/config.go:148.47,149.43 1 0
github.com/umatare5/telee/internal/config/config.go:149.43,151.3 1 0
github.com/umatare5/telee/internal/config/config.go:152.2,152.48 1 0
github.com/umatare5/telee/internal/config/config.go:152.48,154.3 1 0
github.com/umatare5/telee/internal/config/config.go:155.2,155.40 1 0
github.com/umatare5/telee/internal/config/config.go:155.40,157.3 1 0
github.com/umatare5/telee/internal/config/config.go:158.2,158.41 1 0
github.com/umatare5/telee/internal/config/config.go:158.41,160.3 1 0
github.com/umatare5/telee/internal/config/config.go:161.2,161.42 1 0
github.com/umatare5/telee/internal/config/config.go:161.42,163.3 1 0
github.com/umatare5/telee/internal/config/config.go:164.2,164.45 1 0
github.com/umatare5/telee/internal/config/config.go:164.45,166.3 1 0
github.com/umatare5/telee/internal/config/config.go:167.2,167.45 1 0
github.com/umatare5/telee/internal/config/config.go:167.45,169.3 1 0
github.com/umatare5/telee/internal/config/config.go:171.2,171.14 1 0
github.com/umatare5/telee/internal/config/config.go:174.49,176.2 1 0
github.com/umatare5/telee/internal/config/config.go:178.50,179.48 1 0
github.com/umatare5/telee/internal/config/config.go:179.48,181.3 1 0
github.com/umatare5/telee/internal/config/config.go:182.2,182.45 1 0
github.com/umatare5/telee/internal/config/config.go:182.45,184.3 1 0
github.com/umatare5/telee/internal/config/config.go:185.2,185.14 1 0
github.com/umatare5/telee/internal/config/config.go:188.51,190.2 1 0
github.com/umatare5/telee/internal/config/config.go:192.44,194.2 1 0
github.com/umatare5/telee/internal/config/config.go:196.47,197.43 1 0
github.com/umatare5/telee/internal/config/config.go:197.43,199.3 1 0
github.com/umatare5/telee/internal/config/config.go:200.2,200.47 1 0
github.com/umatare5/telee/internal/config/config.go:200.47,202.3 1 0
github.com/umatare5/telee/internal/config/config.go:203.2,203.45 1 0
github.com/umatare5/telee/internal/config/config.go:203.45,205.3 1 0
github.com/umatare5/telee/internal/config/config.go:206.2,206.13 1 0
github.com/umatare5/telee/internal/infrastructure/repositories/ios/repository.go:22.46,27.53 4 0
github.com/umatare5/telee/internal/infrastructure/repositories/ios/repository.go:27.53,29.3 1 0
github.com/umatare5/telee/internal/infrastructure/repositories/ios/repository.go:30.2,30.48 1 0
github.com/umatare5/telee/internal/infrastructure/repositories/ios/repository.go:30.48,32.3 1 0
github.com/umatare5/telee/internal/infrastructure/repositories/ios/repository.go:33.2,33.78 1 0
github.com/umatare5/telee/internal/infrastructure/repositories/ios/repository.go:33.78,35.3 1 0
github.com/umatare5/telee/internal/infrastructure/repositories/ios/repository.go:36.2,36.54 1 0
github.com/umatare5/telee/internal/infrastructure/repositories/ios/repository.go:36.54,38.3 1 0
github.com/umatare5/telee/internal/infrastructure/repositories/ios/repository.go:39.2,39.49 1 0
github.com/umatare5/telee/internal/infrastructure/repositories/ios/repository.go:39.49,41.3 1 0
github.com/umatare5/telee/internal/infrastructure/repositories/ios/repository.go:42.2,42.79 1 0
github.com/umatare5/telee/internal/infrastructure/repositories/ios/repository.go:42.79,44.3 1 0
github.com/umatare5/telee/internal/infrastructure/repositories/ios/repository.go:46.2,46.25 1 0
github.com/umatare5/telee/internal/infrastructure/repositories/ios/repository.go:46.25,49.17 3 0
github.com/umatare5/telee/internal/infrastructure/repositories/ios/repository.go:49.17,51.4 1 0
github.com/umatare5/telee/internal/infrastructure/repositories/ios/repository.go:52.3,54.34 1 0
github.com/umatare5/telee/internal/infrastructure/repositories/ios/repository.go:55.8,59.3 1 0
github.com/umatare5/telee/internal/infrastructure/repositories/ios/repository.go:61.2,61.16 1 0
github.com/umatare5/telee/internal/infrastructure/repositories/ios/repository.go:61.16,63.3 1 0
github.com/umatare5/telee/internal/infrastructure/repositories/ios/repository.go:64.2,64.18 1 0
github.com/umatare5/telee/internal/infrastructure/repositories/ios/repository.go:68.57,80.2 1 0
github.com/umatare5/telee/internal/infrastructure/repositories/ios/repository.go:83.59,99.2 1 0
github.com/umatare5/telee/internal/infrastructure/repositories/ios/repository.go:102.66,114.2 1 0
github.com/umatare5/telee/internal/infrastructure/repositories/ios/repository.go:117.63,125.2 1 0
github.com/umatare5/telee/internal/infrastructure/repositories/ios/repository.go:128.65,140.2 1 0
github.com/umatare5/telee/internal/infrastructure/repositories/ios/repository.go:143.72,151.2 1 0
github.com/umatare5/telee/internal/infrastructure/repositories/ironware/repository.go:20.46,25.25 4 0
github.com/umatare5/telee/internal/infrastructure/repositories/ironware/repository.go:25.25,27.3 1 0
github.com/umatare5/telee/internal/infrastructure/repositories/ironware/repository.go:27.8,29.3 1 0
github.com/umatare5/telee/internal/infrastructure/repositories/ironware/repository.go:32.2,36.16 2 0
github.com/umatare5/telee/internal/infrastructure/repositories/ironware/repository.go:36.16,38.3 1 0
github.com/umatare5/telee/internal/infrastructure/repositories/ironware/repository.go:39.2,39.18 1 0
github.com/umatare5/telee/internal/infrastructure/repositories/ironware/repository.go:43.57,55.2 1 0
github.com/umatare5/telee/internal/infrastructure/repositories/ironware/repository.go:58.59,73.2 1 0
github.com/umatare5/telee/internal/infrastructure/repositories/asasoftware/repository.go:27.46,32.25 4 0
github.com/umatare5/telee/internal/infrastructure/repositories/asasoftware/repository.go:32.25,33.57 1 0
github.com/umatare5/telee/internal/infrastructure/repositories/asasoftware/repository.go:33.57,35.4 1 0
github.com/umatare5/telee/internal/infrastructure/repositories/asasoftware/repository.go:36.3,36.58 1 0
github.com/umatare5/telee/internal/infrastructure/repositories/asasoftware/repository.go:36.58,38.4 1 0
github.com/umatare5/telee/internal/infrastructure/repositories/asasoftware/repository.go:39.3,39.58 1 0
github.com/umatare5/telee/internal/infrastructure/repositories/asasoftware/repository.go:39.58,41.4 1 0
github.com/umatare5/telee/internal/infrastructure/repositories/asasoftware/repository.go:42.3,42.59 1 0
github.com/umatare5/telee/internal/infrastructure/repositories/asasoftware/repository.go:42.59,44.4 1 0
github.com/umatare5/telee/internal/infrastructure/repositories/asasoftware/repository.go:45.8,46.57 1 0
github.com/umatare5/telee/internal/infrastructure/repositories/asasoftware/repository.go:46.57,48.4 1 0
github.com/umatare5/telee/internal/infrastructure/repositories/asasoftware/repository.go:49.3,49.58 1 0
github.com/umatare5/telee/internal/infrastructure/repositories/asasoftware/repository.go:49.58,51.4 1 0
github.com/umatare5/telee/internal/infrastructure/repositories/asasoftware/repository.go:52.3,52.58 1 0
github.com/umatare5/telee/internal/infrastructure/repositories/asasoftware/repository.go:52.58,54.4 1 0
github.com/umatare5/telee/internal/infrastructure/repositories/asasoftware/repository.go:55.3,55.59 1 0
github.com/umatare5/telee/internal/infrastructure/repositories/asasoftware/repository.go:55.59,57.4 1 0
github.com/umatare5/telee/internal/infrastructure/repositories/asasoftware/repository.go:60.2,60.25 1 0
github.com/umatare5/telee/internal/infrastructure/repositories/asasoftware/repository.go:60.25,63.17 3 0
github.com/umatare5/telee/internal/infrastructure/repositories/asasoftware/repository.go:63.17,65.4 1 0
github.com/umatare5/telee/internal/infrastructure/repositories/asasoftware/repository.go:66.3,68.34 1 0
github.com/umatare5/telee/internal/infrastructure/repositories/asasoftware/repository.go:69.8,73.3 1 0
github.com/umatare5/telee/internal/infrastructure/repositories/asasoftware/repository.go:75.2,75.16 1 0
github.com/umatare5/telee/internal/infrastructure/repositories/asasoftware/repository.go:75.16,77.3 1 0
github.com/umatare5/telee/internal/infrastructure/repositories/asasoftware/repository.go:78.2,78.18 1 0
github.com/umatare5/telee/internal/infrastructure/repositories/asasoftware/repository.go:82.72,98.2 1 0
github.com/umatare5/telee/internal/infrastructure/repositories/asasoftware/repository.go:101.79,113.2 1 0
github.com/umatare5/telee/internal/infrastructure/repositories/asasoftware/repository.go:116.78,128.2 1 0
github.com/umatare5/telee/internal/infrastructure/repositories/asasoftware/repository.go:131.85,139.2 1 0
github.com/umatare5/telee/internal/infrastructure/repository.go:24.39,28.2 1 0
github.com/umatare5/telee/internal/infrastructure/repository.go:31.76,35.2 1 0
github.com/umatare5/telee/internal/infrastructure/repository.go:38.84,42.2 1 0
github.com/umatare5/telee/internal/infrastructure/repository.go:45.86,49.2 1 0
github.com/umatare5/telee/internal/infrastructure/repository.go:52.70,56.2 1 0
github.com/umatare5/telee/internal/infrastructure/repository.go:59.80,63.2 1 0
github.com/umatare5/telee/internal/infrastructure/repository.go:66.74,70.2 1 0
github.com/umatare5/telee/internal/infrastructure/repository.go:73.72,77.2 1 0
github.com/umatare5/telee/internal/infrastructure/repository.go:80.80,84.2 1 0
github.com/umatare5/telee/internal/infrastructure/repository.go:87.80,91.2 1 0
github.com/umatare5/telee/internal/infrastructure/repositories/alliedware/repository.go:20.46,32.16 6 0
github.com/umatare5/telee/internal/infrastructure/repositories/alliedware/repository.go:32.16,34.3 1 0
github.com/umatare5/telee/internal/infrastructure/repositories/alliedware/repository.go:35.2,35.18 1 0
github.com/umatare5/telee/internal/infrastructure/repositories/alliedware/repository.go:39.49,51.2 1 0
github.com/umatare5/telee/internal/infrastructure/repositories/aireos/repository.go:22.46,30.25 5 0
github.com/umatare5/telee/internal/infrastructure/repositories/aireos/repository.go:30.25,33.17 3 0
github.com/umatare5/telee/internal/infrastructure/repositories/aireos/repository.go:33.17,35.4 1 0
github.com/umatare5/telee/internal/infrastructure/repositories/aireos/repository.go:36.3,38.34 1 0
github.com/umatare5/telee/internal/infrastructure/repositories/aireos/repository.go:39.8,43.3 1 0
github.com/umatare5/telee/internal/infrastructure/repositories/aireos/repository.go:45.2,45.16 1 0
github.com/umatare5/telee/internal/infrastructure/repositories/aireos/repository.go:45.16,47.3 1 0
github.com/umatare5/telee/internal/infrastructure/repositories/aireos/repository.go:48.2,48.18 1 0
github.com/umatare5/telee/internal/infrastructure/repositories/aireos/repository.go:52.49,64.2 1 0
github.com/umatare5/telee/internal/infrastructure/repositories/nxos/repository.go:22.46,27.53 4 0
github.com/umatare5/telee/internal/infrastructure/repositories/nxos/repository.go:27.53,29.3 1 0
github.com/umatare5/telee/internal/infrastructure/repositories/nxos/repository.go:30.2,30.48 1 0
github.com/umatare5/telee/internal/infrastructure/repositories/nxos/repository.go:30.48,32.3 1 0
github.com/umatare5/telee/internal/infrastructure/repositories/nxos/repository.go:33.2,33.78 1 0
github.com/umatare5/telee/internal/infrastructure/repositories/nxos/repository.go:33.78,35.3 1 0
github.com/umatare5/telee/internal/infrastructure/repositories/nxos/repository.go:36.2,36.54 1 0
github.com/umatare5/telee/internal/infrastructure/repositories/nxos/repository.go:36.54,38.3 1 0
github.com/umatare5/telee/internal/infrastructure/repositories/nxos/repository.go:39.2,39.49 1 0
github.com/umatare5/telee/internal/infrastructure/repositories/nxos/repository.go:39.49,41.3 1 0
github.com/umatare5/telee/internal/infrastructure/repositories/nxos/repository.go:42.2,42.79 1 0
github.com/umatare5/telee/internal/infrastructure/repositories/nxos/repository.go:42.79,44.3 1 0
github.com/umatare5/telee/internal/infrastructure/repositories/nxos/repository.go:46.2,46.25 1 0
github.com/umatare5/telee/internal/infrastructure/repositories/nxos/repository.go:46.25,49.17 3 0
github.com/umatare5/telee/internal/infrastructure/repositories/nxos/repository.go:49.17,51.4 1 0
github.com/umatare5/telee/internal/infrastructure/repositories/nxos/repository.go:52.3,54.34 1 0
github.com/umatare5/telee/internal/infrastructure/repositories/nxos/repository.go:55.8,59.3 1 0
github.com/umatare5/telee/internal/infrastructure/repositories/nxos/repository.go:61.2,61.16 1 0
github.com/umatare5/telee/internal/infrastructure/repositories/nxos/repository.go:61.16,63.3 1 0
github.com/umatare5/telee/internal/infrastructure/repositories/nxos/repository.go:64.2,64.18 1 0
github.com/umatare5/telee/internal/infrastructure/repositories/nxos/repository.go:68.57,80.2 1 0
github.com/umatare5/telee/internal/infrastructure/repositories/nxos/repository.go:83.59,99.2 1 0
github.com/umatare5/telee/internal/infrastructure/repositories/nxos/repository.go:102.66,114.2 1 0
github.com/umatare5/telee/internal/infrastructure/repositories/nxos/repository.go:117.63,125.2 1 0
github.com/umatare5/telee/internal/infrastructure/repositories/nxos/repository.go:128.65,140.2 1 0
github.com/umatare5/telee/internal/infrastructure/repositories/nxos/repository.go:143.72,151.2 1 0
github.com/umatare5/telee/internal/infrastructure/repositories/junos/repository.go:20.46,29.16 6 0
github.com/umatare5/telee/internal/infrastructure/repositories/junos/repository.go:29.16,31.3 1 0
github.com/umatare5/telee/internal/infrastructure/repositories/junos/repository.go:32.2,36.16 2 0
github.com/umatare5/telee/internal/infrastructure/repositories/junos/repository.go:36.16,38.3 1 0
github.com/umatare5/telee/internal/infrastructure/repositories/junos/repository.go:39.2,39.18 1 0
github.com/umatare5/telee/internal/infrastructure/repositories/junos/repository.go:43.63,49.2 1 0
github.com/umatare5/telee/internal/infrastructure/repositories/screenos/repository.go:27.46,32.51 4 0
github.com/umatare5/telee/internal/infrastructure/repositories/screenos/repository.go:32.51,34.3 1 0
github.com/umatare5/telee/internal/infrastructure/repositories/screenos/repository.go:35.2,35.52 1 0
github.com/umatare5/telee/internal/infrastructure/repositories/screenos/repository.go:35.52,37.3 1 0
github.com/umatare5/telee/internal/infrastructure/repositories/screenos/repository.go:38.2,38.52 1 0
github.com/umatare5/telee/internal/infrastructure/repositories/screenos/repository.go:38.52,40.3 1 0
github.com/umatare5/telee/internal/infrastructure/repositories/screenos/repository.go:41.2,41.53 1 0
github.com/umatare5/telee/internal/infrastructure/repositories/screenos/repository.go:41.53,43.3 1 0
github.com/umatare5/telee/internal/infrastructure/repositories/screenos/repository.go:45.2,45.25 1 0
github.com/umatare5/telee/internal/infrastructure/repositories/screenos/repository.go:45.25,48.17 3 0
github.com/umatare5/telee/internal/infrastructure/repositories/screenos/repository.go:48.17,50.4 1 0
github.com/umatare5/telee/internal/infrastructure/repositories/screenos/repository.go:51.3,53.34 1 0
github.com/umatare5/telee/internal/infrastructure/repositories/screenos/repository.go:54.8,58.3 1 0
github.com/umatare5/telee/internal/infrastructure/repositories/screenos/repository.go:60.2,60.16 1 0
github.com/umatare5/telee/internal/infrastructure/repositories/screenos/repository.go:60.16,62.3 1 0
github.com/umatare5/telee/internal/infrastructure/repositories/screenos/repository.go:63.2,63.18 1 0
github.com/umatare5/telee/internal/infrastructure/repositories/screenos/repository.go:67.62,79.2 1 0
github.com/umatare5/telee/internal/infrastructure/repositories/screenos/repository.go:82.68,90.2 1 0
github.com/umatare5/telee/pkg/ssh/client.go:30.78,37.2 1 0
github.com/umatare5/telee/pkg/ssh/client.go:40.125,42.16 2 0
github.com/umatare5/telee/pkg/ssh/client.go:42.16,44.3 1 0
github.com/umatare5/telee/pkg/ssh/client.go:46.2,50.8 1 0
github.com/umatare5/telee/pkg/ssh/client.go:54.94,55.23 1 0
github.com/umatare5/telee/pkg/ssh/client.go:55.23,57.3 1 0
github.com/umatare5/telee/pkg/ssh/client.go:58.2,58.43 1 0
github.com/umatare5/telee/pkg/ssh/client.go:62.82,64.16 2 0
github.com/umatare5/telee/pkg/ssh/client.go:64.16,66.3 1 0
github.com/umatare5/telee/pkg/ssh/client.go:68.2,69.16 2 0
github.com/umatare5/telee/pkg/ssh/client.go:69.16,71.3 1 0
github.com/umatare5/telee/pkg/ssh/client.go:73.2,73.41 1 0
github.com/umatare5/telee/pkg/ssh/client.go:77.77,79.16 2 0
github.com/umatare5/telee/pkg/ssh/client.go:79.16,81.3 1 0
github.com/umatare5/telee/pkg/ssh/client.go:83.2,83.51 1 0
github.com/umatare5/telee/pkg/ssh/client.go:83.51,85.59 2 0
github.com/umatare5/telee/pkg/ssh/client.go:85.59,87.4 1 0
github.com/umatare5/telee/pkg/ssh/client.go:88.3,88.134 1 0
github.com/umatare5/telee/pkg/ssh/client.go:91.2,92.16 2 0
github.com/umatare5/telee/pkg/ssh/client.go:92.16,94.3 1 0
github.com/umatare5/telee/pkg/ssh/client.go:96.2,96.56 1 0
github.com/umatare5/telee/pkg/ssh/client.go:100.42,102.16 2 0
github.com/umatare5/telee/pkg/ssh/client.go:102.16,104.3 1 0
github.com/umatare5/telee/pkg/ssh/client.go:105.2,105.43 1 0
github.com/umatare5/telee/pkg/ssh/client.go:109.89,110.73 1 0
github.com/umatare5/telee/pkg/ssh/client.go:110.73,112.17 2 0
github.com/umatare5/telee/pkg/ssh/client.go:112.17,114.4 1 0
github.com/umatare5/telee/pkg/ssh/client.go:115.3,115.13 1 0
github.com/umatare5/telee/pkg/ssh/client.go:120.81,129.33 5 0
github.com/umatare5/telee/pkg/ssh/client.go:129.33,135.3 5 0
github.com/umatare5/telee/pkg/ssh/client.go:135.8,142.3 6 0
github.com/umatare5/telee/pkg/ssh/client.go:144.2,148.68 4 0
github.com/umatare5/telee/pkg/ssh/client.go:152.52,154.16 2 0
github.com/umatare5/telee/pkg/ssh/client.go:154.16,157.3 1 0
github.com/umatare5/telee/pkg/ssh/client.go:158.2,158.13 1 0
github.com/umatare5/telee/pkg/ssh/client.go:162.52,164.30 2 0
github.com/umatare5/telee/pkg/ssh/client.go:164.30,166.3 1 0
github.com/umatare5/telee/pkg/ssh/client.go:167.2,167.13 1 0
github.com/umatare5/telee/pkg/ssh/client.go:171.45,174.2 2 0
github.com/umatare5/telee/pkg/ssh/client.go:177.86,179.16 2 0
github.com/umatare5/telee/pkg/ssh/client.go:179.16,182.3 2 0
github.com/umatare5/telee/pkg/ssh/client.go:183.2,186.16 3 0
github.com/umatare5/telee/pkg/ssh/client.go:186.16,189.3 2 0
github.com/umatare5/telee/pkg/ssh/client.go:190.2,193.16 3 0
github.com/umatare5/telee/pkg/ssh/client.go:193.16,196.3 2 0
github.com/umatare5/telee/pkg/ssh/client.go:198.2,198.42 1 0
github.com/umatare5/telee/pkg/ssh/client.go:201.67,203.16 2 0
github.com/umatare5/telee/pkg/ssh/client.go:203.16,205.3 1 0
github.com/umatare5/telee/pkg/ssh/client.go:206.2,206.18 1 0
github.com/umatare5/telee/internal/infrastructure/repositories/yamahaos/repository.go:22.46,27.25 4 0
github.com/umatare5/telee/internal/infrastructure/repositories/yamahaos/repository.go:27.25,28.26 1 0
github.com/umatare5/telee/internal/infrastructure/repositories/yamahaos/repository.go:28.26,30.4 1 0
github.com/umatare5/telee/internal/infrastructure/repositories/yamahaos/repository.go:31.3,31.27 1 0
github.com/umatare5/telee/internal/infrastructure/repositories/yamahaos/repository.go:31.27,33.4 1 0
github.com/umatare5/telee/internal/infrastructure/repositories/yamahaos/repository.go:35.2,35.26 1 0
github.com/umatare5/telee/internal/infrastructure/repositories/yamahaos/repository.go:35.26,36.26 1 0
github.com/umatare5/telee/internal/infrastructure/repositories/yamahaos/repository.go:36.26,38.4 1 0
github.com/umatare5/telee/internal/infrastructure/repositories/yamahaos/repository.go:39.3,39.27 1 0
github.com/umatare5/telee/internal/infrastructure/repositories/yamahaos/repository.go:39.27,41.4 1 0
github.com/umatare5/telee/internal/infrastructure/repositories/yamahaos/repository.go:44.2,44.25 1 0
github.com/umatare5/telee/internal/infrastructure/repositories/yamahaos/repository.go:44.25,47.17 3 0
github.com/umatare5/telee/internal/infrastructure/repositories/yamahaos/repository.go:47.17,49.4 1 0
github.com/umatare5/telee/internal/infrastructure/repositories/yamahaos/repository.go:50.3,52.34 1 0
github.com/umatare5/telee/internal/infrastructure/repositories/yamahaos/repository.go:53.8,57.3 1 0
github.com/umatare5/telee/internal/infrastructure/repositories/yamahaos/repository.go:59.2,59.16 1 0
github.com/umatare5/telee/internal/infrastructure/repositories/yamahaos/repository.go:59.16,61.3 1 0
github.com/umatare5/telee/internal/infrastructure/repositories/yamahaos/repository.go:62.2,62.18 1 0
github.com/umatare5/telee/internal/infrastructure/repositories/yamahaos/repository.go:66.57,76.2 1 0
github.com/umatare5/telee/internal/infrastructure/repositories/yamahaos/repository.go:79.59,93.2 1 0
github.com/umatare5/telee/internal/infrastructure/repositories/yamahaos/repository.go:96.63,104.2 1 0
github.com/umatare5/telee/internal/infrastructure/repositories/yamahaos/repository.go:107.65,119.2 1 0
github.com/umatare5/telee/pkg/telnet/client.go:27.81,34.2 1 0
github.com/umatare5/telee/pkg/telnet/client.go:37.56,39.16 2 0
github.com/umatare5/telee/pkg/telnet/client.go:39.16,42.3 2 0
github.com/umatare5/telee/pkg/telnet/client.go:43.2,46.16 3 0
github.com/umatare5/telee/pkg/telnet/client.go:46.16,49.3 2 0
github.com/umatare5/telee/pkg/telnet/client.go:51.2,51.42 1 0
github.com/umatare5/telee/pkg/telnet/client.go:54.60,56.16 2 0
github.com/umatare5/telee/pkg/telnet/client.go:56.16,58.3 1 0
github.com/umatare5/telee/pkg/telnet/client.go:60.2,66.23 2 0
github.com/umatare5/telee/pkg/telnet/client.go:66.23,66.38 1 0
github.com/umatare5/telee/pkg/telnet/client.go:67.24,67.39 1 0
github.com/umatare5/telee/pkg/telnet/client.go:68.24,71.5 2 0
